Synthesizing design: uart_tx2.sv

                      Design Compiler Graphical
                            DC Ultra (TM)
                             DFTMAX (TM)
                         Power Compiler (TM)
                           DesignWare (R)
                           DC Expert (TM)
                         Design Vision (TM)
                          HDL Compiler (TM)
                         VHDL Compiler (TM)
                            DFT Compiler
                        Library Compiler (TM)
                         Design Compiler(R)

            Version G-2012.06 for RHEL64 -- May 30, 2012
               Copyright (c) 1988-2012 Synopsys, Inc.

This software and the associated documentation are confidential and 
proprietary to Synopsys, Inc. Your use or disclosure of this software 
is subject to the terms and conditions of a written license agreement 
between you, or your company, and Synopsys, Inc.

Initializing...
dc_shell> dc_shell> Running PRESTO HDLC
Searching for ./uart_tx2.sv
Searching for /package/eda/synopsys/syn-G-2012.06/libraries/syn/uart_tx2.sv
Searching for /package/eda/synopsys/syn-G-2012.06/dw/sim_ver/uart_tx2.sv
Searching for ./source/uart_tx2.sv
Compiling source file ./source/uart_tx2.sv
Presto compilation completed successfully.
Loading db file '/package/eda/cells/OSU/v2.7/synopsys/lib/ami05/osu05_stdcells.db'
Loading db file '/package/eda/synopsys/syn-G-2012.06/libraries/syn/dw_foundation.sldb'
1
dc_shell> Loading db file '/package/eda/synopsys/syn-G-2012.06/libraries/syn/gtech.db'
Loading db file '/package/eda/synopsys/syn-G-2012.06/libraries/syn/standard.sldb'
  Loading link library 'osu05_stdcells'
  Loading link library 'gtech'
Running PRESTO HDLC
Presto compilation completed successfully.
Elaborated 1 design.
Current design is now 'uart_tx2'.
Information: Building the design 'uart_tx_TCU'. (HDL-193)

Statistics for case statements in always block at line 28 in file
	'./source/uart_tx_TCU.sv'
===============================================
|           Line           |  full/ parallel  |
===============================================
|            32            |    auto/auto     |
===============================================

Inferred memory devices in process
	in routine uart_tx_TCU line 20 in file
		'./source/uart_tx_TCU.sv'.
===============================================================================
|    Register Name    |   Type    | Width | Bus | MB | AR | AS | SR | SS | ST |
===============================================================================
|      state_reg      | Flip-flop |   1   |  N  | N  | Y  | N  | N  | N  | N  |
===============================================================================
Presto compilation completed successfully.
Information: Building the design 'flex_pts_sr' instantiated from design 'uart_tx2' with
	the parameters "360,1". (HDL-193)

Inferred memory devices in process
	in routine flex_pts_sr_NUM_BITS360_SHIFT_MSB1 line 22 in file
		'./source/flex_pts_sr.sv'.
===============================================================================
|    Register Name    |   Type    | Width | Bus | MB | AR | AS | SR | SS | ST |
===============================================================================
|     buffer_reg      | Flip-flop |  360  |  Y  | N  | N  | Y  | N  | N  | N  |
===============================================================================
Presto compilation completed successfully.
Information: Building the design 'flex_counter' instantiated from design 'uart_tx2' with
	the parameters "9". (HDL-193)

Inferred memory devices in process
	in routine flex_counter_NUM_CNT_BITS9 line 23 in file
		'./source/flex_counter.sv'.
===============================================================================
|    Register Name    |   Type    | Width | Bus | MB | AR | AS | SR | SS | ST |
===============================================================================
|  rollover_flag_reg  | Flip-flop |   1   |  N  | N  | Y  | N  | N  | N  | N  |
|    count_out_reg    | Flip-flop |   9   |  Y  | N  | Y  | N  | N  | N  | N  |
===============================================================================
Presto compilation completed successfully.
Information: Building the design 'flex_counter' instantiated from design 'uart_tx2' with
	the parameters "4". (HDL-193)

Inferred memory devices in process
	in routine flex_counter_NUM_CNT_BITS4 line 23 in file
		'./source/flex_counter.sv'.
===============================================================================
|    Register Name    |   Type    | Width | Bus | MB | AR | AS | SR | SS | ST |
===============================================================================
|  rollover_flag_reg  | Flip-flop |   1   |  N  | N  | Y  | N  | N  | N  | N  |
|    count_out_reg    | Flip-flop |   4   |  Y  | N  | Y  | N  | N  | N  | N  |
===============================================================================
Presto compilation completed successfully.
1
dc_shell> dc_shell> 1
dc_shell> dc_shell> dc_shell> dc_shell> dc_shell> dc_shell> dc_shell> dc_shell> dc_shell> Information: Checking out the license 'DesignWare'. (SEC-104)
Information: Evaluating DesignWare library utilization. (UISN-27)

============================================================================
| DesignWare Building Block Library  |         Version         | Available |
============================================================================
| Basic DW Building Blocks           | G-2012.06-DWBB_201206.0 |     *     |
| Licensed DW Building Blocks        | G-2012.06-DWBB_201206.0 |     *     |
============================================================================


Information: There are 106 potential problems in your design. Please run 'check_design' for more information. (LINT-99)



  Beginning Pass 1 Mapping
  ------------------------
  Processing 'flex_counter_NUM_CNT_BITS4'
  Processing 'flex_counter_NUM_CNT_BITS9'
  Processing 'flex_pts_sr_NUM_BITS360_SHIFT_MSB1'
  Processing 'uart_tx_TCU'
  Processing 'uart_tx2'

  Updating timing information
Information: Updating design information... (UID-85)
Information: Design 'uart_tx2' has no optimization constraints set. (OPT-108)

  Beginning Implementation Selection
  ----------------------------------
  Processing 'flex_counter_NUM_CNT_BITS9_DW01_cmp6_0'
  Processing 'flex_counter_NUM_CNT_BITS9_DW01_inc_0'
  Processing 'flex_counter_NUM_CNT_BITS9_DW01_cmp6_1'

  Beginning Mapping Optimizations  (Medium effort)
  -------------------------------
  Structuring 'flex_counter_NUM_CNT_BITS4'
  Mapping 'flex_counter_NUM_CNT_BITS4'
  Structuring 'flex_counter_NUM_CNT_BITS9'
  Mapping 'flex_counter_NUM_CNT_BITS9'
  Structuring 'flex_pts_sr_NUM_BITS360_SHIFT_MSB1'
  Mapping 'flex_pts_sr_NUM_BITS360_SHIFT_MSB1'
  Structuring 'uart_tx_TCU'
  Mapping 'uart_tx_TCU'

   ELAPSED            WORST NEG TOTAL NEG  DESIGN                            
    TIME      AREA      SLACK     SLACK   RULE COST         ENDPOINT         
  --------- --------- --------- --------- --------- -------------------------
    0:00:02  919386.0      0.00       0.0       0.0                          
    0:00:02  919386.0      0.00       0.0       0.0                          
    0:00:02  919386.0      0.00       0.0       0.0                          
    0:00:02  919386.0      0.00       0.0       0.0                          
    0:00:02  919386.0      0.00       0.0       0.0                          
    0:00:02  919386.0      0.00       0.0       0.0                          
    0:00:02  911178.0      0.00       0.0       0.0                          
    0:00:02  911178.0      0.00       0.0       0.0                          
    0:00:02  911178.0      0.00       0.0       0.0                          
    0:00:02  911178.0      0.00       0.0       0.0                          
    0:00:02  911178.0      0.00       0.0       0.0                          
    0:00:02  911178.0      0.00       0.0       0.0                          
    0:00:02  911178.0      0.00       0.0       0.0                          
    0:00:02  911178.0      0.00       0.0       0.0                          
    0:00:02  911178.0      0.00       0.0       0.0                          



  Beginning Delay Optimization Phase
  ----------------------------------

   ELAPSED            WORST NEG TOTAL NEG  DESIGN                            
    TIME      AREA      SLACK     SLACK   RULE COST         ENDPOINT         
  --------- --------- --------- --------- --------- -------------------------
    0:00:02  911178.0      0.00       0.0       0.0                          
    0:00:02  911178.0      0.00       0.0       0.0                          
    0:00:02  911178.0      0.00       0.0       0.0                          


  Beginning Area-Recovery Phase  (cleanup)
  -----------------------------

   ELAPSED            WORST NEG TOTAL NEG  DESIGN                            
    TIME      AREA      SLACK     SLACK   RULE COST         ENDPOINT         
  --------- --------- --------- --------- --------- -------------------------
    0:00:02  911178.0      0.00       0.0       0.0                          
    0:00:02  911178.0      0.00       0.0       0.0                          
    0:00:02  911178.0      0.00       0.0       0.0                          
    0:00:02  911178.0      0.00       0.0       0.0                          
    0:00:02  911178.0      0.00       0.0       0.0                          
    0:00:02  911178.0      0.00       0.0       0.0                          
    0:00:02  911178.0      0.00       0.0       0.0                          
    0:00:02  911178.0      0.00       0.0       0.0                          
    0:00:02  911178.0      0.00       0.0       0.0                          
    0:00:02  911178.0      0.00       0.0       0.0                          
    0:00:02  911178.0      0.00       0.0       0.0                          
    0:00:02  911178.0      0.00       0.0       0.0                          
    0:00:02  911178.0      0.00       0.0       0.0                          
    0:00:02  911178.0      0.00       0.0       0.0                          
    0:00:02  911178.0      0.00       0.0       0.0                          
Loading db file '/package/eda/cells/OSU/v2.7/synopsys/lib/ami05/osu05_stdcells.db'

  Optimization Complete
  ---------------------
1
dc_shell> dc_shell> dc_shell> dc_shell> dc_shell> dc_shell> dc_shell> dc_shell> Writing verilog file '/home/ecegrid/a/mg108/ece337/Project/ECE337Project/mapped/uart_tx2.v'.
Warning: Verilog 'assign' or 'tran' statements are written out. (VO-4)
1
dc_shell> 
Script Done

dc_shell> 
Checking Design

dc_shell>  
****************************************
check_design summary:
Version:     G-2012.06
Date:        Tue May  5 11:53:23 2015
****************************************

                   Name                                            Total
--------------------------------------------------------------------------------
Cells                                                              91
    Connected to power or ground (LINT-32)                         85
    Nets connected to multiple pins on same cell (LINT-33)          6
--------------------------------------------------------------------------------

Warning: In design 'uart_tx2', a pin on submodule 'FPS2' is connected to logic 1 or logic 0. (LINT-32)
   Pin 'parallel_in[359]' is connected to logic 0. 
Warning: In design 'uart_tx2', a pin on submodule 'FPS2' is connected to logic 1 or logic 0. (LINT-32)
   Pin 'parallel_in[350]' is connected to logic 1. 
Warning: In design 'uart_tx2', a pin on submodule 'FPS2' is connected to logic 1 or logic 0. (LINT-32)
   Pin 'parallel_in[349]' is connected to logic 0. 
Warning: In design 'uart_tx2', a pin on submodule 'FPS2' is connected to logic 1 or logic 0. (LINT-32)
   Pin 'parallel_in[340]' is connected to logic 1. 
Warning: In design 'uart_tx2', a pin on submodule 'FPS2' is connected to logic 1 or logic 0. (LINT-32)
   Pin 'parallel_in[339]' is connected to logic 0. 
Warning: In design 'uart_tx2', a pin on submodule 'FPS2' is connected to logic 1 or logic 0. (LINT-32)
   Pin 'parallel_in[330]' is connected to logic 1. 
Warning: In design 'uart_tx2', a pin on submodule 'FPS2' is connected to logic 1 or logic 0. (LINT-32)
   Pin 'parallel_in[329]' is connected to logic 0. 
Warning: In design 'uart_tx2', a pin on submodule 'FPS2' is connected to logic 1 or logic 0. (LINT-32)
   Pin 'parallel_in[320]' is connected to logic 1. 
Warning: In design 'uart_tx2', a pin on submodule 'FPS2' is connected to logic 1 or logic 0. (LINT-32)
   Pin 'parallel_in[319]' is connected to logic 0. 
Warning: In design 'uart_tx2', a pin on submodule 'FPS2' is connected to logic 1 or logic 0. (LINT-32)
   Pin 'parallel_in[310]' is connected to logic 1. 
Warning: In design 'uart_tx2', a pin on submodule 'FPS2' is connected to logic 1 or logic 0. (LINT-32)
   Pin 'parallel_in[309]' is connected to logic 0. 
Warning: In design 'uart_tx2', a pin on submodule 'FPS2' is connected to logic 1 or logic 0. (LINT-32)
   Pin 'parallel_in[300]' is connected to logic 1. 
Warning: In design 'uart_tx2', a pin on submodule 'FPS2' is connected to logic 1 or logic 0. (LINT-32)
   Pin 'parallel_in[299]' is connected to logic 0. 
Warning: In design 'uart_tx2', a pin on submodule 'FPS2' is connected to logic 1 or logic 0. (LINT-32)
   Pin 'parallel_in[290]' is connected to logic 1. 
Warning: In design 'uart_tx2', a pin on submodule 'FPS2' is connected to logic 1 or logic 0. (LINT-32)
   Pin 'parallel_in[289]' is connected to logic 0. 
Warning: In design 'uart_tx2', a pin on submodule 'FPS2' is connected to logic 1 or logic 0. (LINT-32)
   Pin 'parallel_in[280]' is connected to logic 1. 
Warning: In design 'uart_tx2', a pin on submodule 'FPS2' is connected to logic 1 or logic 0. (LINT-32)
   Pin 'parallel_in[279]' is connected to logic 0. 
Warning: In design 'uart_tx2', a pin on submodule 'FPS2' is connected to logic 1 or logic 0. (LINT-32)
   Pin 'parallel_in[270]' is connected to logic 1. 
Warning: In design 'uart_tx2', a pin on submodule 'FPS2' is connected to logic 1 or logic 0. (LINT-32)
   Pin 'parallel_in[269]' is connected to logic 0. 
Warning: In design 'uart_tx2', a pin on submodule 'FPS2' is connected to logic 1 or logic 0. (LINT-32)
   Pin 'parallel_in[260]' is connected to logic 1. 
Warning: In design 'uart_tx2', a pin on submodule 'FPS2' is connected to logic 1 or logic 0. (LINT-32)
   Pin 'parallel_in[259]' is connected to logic 0. 
Warning: In design 'uart_tx2', a pin on submodule 'FPS2' is connected to logic 1 or logic 0. (LINT-32)
   Pin 'parallel_in[250]' is connected to logic 1. 
Warning: In design 'uart_tx2', a pin on submodule 'FPS2' is connected to logic 1 or logic 0. (LINT-32)
   Pin 'parallel_in[249]' is connected to logic 0. 
Warning: In design 'uart_tx2', a pin on submodule 'FPS2' is connected to logic 1 or logic 0. (LINT-32)
   Pin 'parallel_in[240]' is connected to logic 1. 
Warning: In design 'uart_tx2', a pin on submodule 'FPS2' is connected to logic 1 or logic 0. (LINT-32)
   Pin 'parallel_in[239]' is connected to logic 0. 
Warning: In design 'uart_tx2', a pin on submodule 'FPS2' is connected to logic 1 or logic 0. (LINT-32)
   Pin 'parallel_in[230]' is connected to logic 1. 
Warning: In design 'uart_tx2', a pin on submodule 'FPS2' is connected to logic 1 or logic 0. (LINT-32)
   Pin 'parallel_in[229]' is connected to logic 0. 
Warning: In design 'uart_tx2', a pin on submodule 'FPS2' is connected to logic 1 or logic 0. (LINT-32)
   Pin 'parallel_in[220]' is connected to logic 1. 
Warning: In design 'uart_tx2', a pin on submodule 'FPS2' is connected to logic 1 or logic 0. (LINT-32)
   Pin 'parallel_in[219]' is connected to logic 0. 
Warning: In design 'uart_tx2', a pin on submodule 'FPS2' is connected to logic 1 or logic 0. (LINT-32)
   Pin 'parallel_in[210]' is connected to logic 1. 
Warning: In design 'uart_tx2', a pin on submodule 'FPS2' is connected to logic 1 or logic 0. (LINT-32)
   Pin 'parallel_in[209]' is connected to logic 0. 
Warning: In design 'uart_tx2', a pin on submodule 'FPS2' is connected to logic 1 or logic 0. (LINT-32)
   Pin 'parallel_in[200]' is connected to logic 1. 
Warning: In design 'uart_tx2', a pin on submodule 'FPS2' is connected to logic 1 or logic 0. (LINT-32)
   Pin 'parallel_in[199]' is connected to logic 0. 
Warning: In design 'uart_tx2', a pin on submodule 'FPS2' is connected to logic 1 or logic 0. (LINT-32)
   Pin 'parallel_in[190]' is connected to logic 1. 
Warning: In design 'uart_tx2', a pin on submodule 'FPS2' is connected to logic 1 or logic 0. (LINT-32)
   Pin 'parallel_in[189]' is connected to logic 0. 
Warning: In design 'uart_tx2', a pin on submodule 'FPS2' is connected to logic 1 or logic 0. (LINT-32)
   Pin 'parallel_in[180]' is connected to logic 1. 
Warning: In design 'uart_tx2', a pin on submodule 'FPS2' is connected to logic 1 or logic 0. (LINT-32)
   Pin 'parallel_in[179]' is connected to logic 0. 
Warning: In design 'uart_tx2', a pin on submodule 'FPS2' is connected to logic 1 or logic 0. (LINT-32)
   Pin 'parallel_in[170]' is connected to logic 1. 
Warning: In design 'uart_tx2', a pin on submodule 'FPS2' is connected to logic 1 or logic 0. (LINT-32)
   Pin 'parallel_in[169]' is connected to logic 0. 
Warning: In design 'uart_tx2', a pin on submodule 'FPS2' is connected to logic 1 or logic 0. (LINT-32)
   Pin 'parallel_in[160]' is connected to logic 1. 
Warning: In design 'uart_tx2', a pin on submodule 'FPS2' is connected to logic 1 or logic 0. (LINT-32)
   Pin 'parallel_in[159]' is connected to logic 0. 
Warning: In design 'uart_tx2', a pin on submodule 'FPS2' is connected to logic 1 or logic 0. (LINT-32)
   Pin 'parallel_in[150]' is connected to logic 1. 
Warning: In design 'uart_tx2', a pin on submodule 'FPS2' is connected to logic 1 or logic 0. (LINT-32)
   Pin 'parallel_in[149]' is connected to logic 0. 
Warning: In design 'uart_tx2', a pin on submodule 'FPS2' is connected to logic 1 or logic 0. (LINT-32)
   Pin 'parallel_in[140]' is connected to logic 1. 
Warning: In design 'uart_tx2', a pin on submodule 'FPS2' is connected to logic 1 or logic 0. (LINT-32)
   Pin 'parallel_in[139]' is connected to logic 0. 
Warning: In design 'uart_tx2', a pin on submodule 'FPS2' is connected to logic 1 or logic 0. (LINT-32)
   Pin 'parallel_in[130]' is connected to logic 1. 
Warning: In design 'uart_tx2', a pin on submodule 'FPS2' is connected to logic 1 or logic 0. (LINT-32)
   Pin 'parallel_in[129]' is connected to logic 0. 
Warning: In design 'uart_tx2', a pin on submodule 'FPS2' is connected to logic 1 or logic 0. (LINT-32)
   Pin 'parallel_in[120]' is connected to logic 1. 
Warning: In design 'uart_tx2', a pin on submodule 'FPS2' is connected to logic 1 or logic 0. (LINT-32)
   Pin 'parallel_in[119]' is connected to logic 0. 
Warning: In design 'uart_tx2', a pin on submodule 'FPS2' is connected to logic 1 or logic 0. (LINT-32)
   Pin 'parallel_in[110]' is connected to logic 1. 
Warning: In design 'uart_tx2', a pin on submodule 'FPS2' is connected to logic 1 or logic 0. (LINT-32)
   Pin 'parallel_in[109]' is connected to logic 0. 
Warning: In design 'uart_tx2', a pin on submodule 'FPS2' is connected to logic 1 or logic 0. (LINT-32)
   Pin 'parallel_in[100]' is connected to logic 1. 
Warning: In design 'uart_tx2', a pin on submodule 'FPS2' is connected to logic 1 or logic 0. (LINT-32)
   Pin 'parallel_in[99]' is connected to logic 0. 
Warning: In design 'uart_tx2', a pin on submodule 'FPS2' is connected to logic 1 or logic 0. (LINT-32)
   Pin 'parallel_in[90]' is connected to logic 1. 
Warning: In design 'uart_tx2', a pin on submodule 'FPS2' is connected to logic 1 or logic 0. (LINT-32)
   Pin 'parallel_in[89]' is connected to logic 0. 
Warning: In design 'uart_tx2', a pin on submodule 'FPS2' is connected to logic 1 or logic 0. (LINT-32)
   Pin 'parallel_in[80]' is connected to logic 1. 
Warning: In design 'uart_tx2', a pin on submodule 'FPS2' is connected to logic 1 or logic 0. (LINT-32)
   Pin 'parallel_in[79]' is connected to logic 0. 
Warning: In design 'uart_tx2', a pin on submodule 'FPS2' is connected to logic 1 or logic 0. (LINT-32)
   Pin 'parallel_in[70]' is connected to logic 1. 
Warning: In design 'uart_tx2', a pin on submodule 'FPS2' is connected to logic 1 or logic 0. (LINT-32)
   Pin 'parallel_in[69]' is connected to logic 0. 
Warning: In design 'uart_tx2', a pin on submodule 'FPS2' is connected to logic 1 or logic 0. (LINT-32)
   Pin 'parallel_in[60]' is connected to logic 1. 
Warning: In design 'uart_tx2', a pin on submodule 'FPS2' is connected to logic 1 or logic 0. (LINT-32)
   Pin 'parallel_in[59]' is connected to logic 0. 
Warning: In design 'uart_tx2', a pin on submodule 'FPS2' is connected to logic 1 or logic 0. (LINT-32)
   Pin 'parallel_in[50]' is connected to logic 1. 
Warning: In design 'uart_tx2', a pin on submodule 'FPS2' is connected to logic 1 or logic 0. (LINT-32)
   Pin 'parallel_in[49]' is connected to logic 0. 
Warning: In design 'uart_tx2', a pin on submodule 'FPS2' is connected to logic 1 or logic 0. (LINT-32)
   Pin 'parallel_in[40]' is connected to logic 1. 
Warning: In design 'uart_tx2', a pin on submodule 'FPS2' is connected to logic 1 or logic 0. (LINT-32)
   Pin 'parallel_in[39]' is connected to logic 0. 
Warning: In design 'uart_tx2', a pin on submodule 'FPS2' is connected to logic 1 or logic 0. (LINT-32)
   Pin 'parallel_in[30]' is connected to logic 1. 
Warning: In design 'uart_tx2', a pin on submodule 'FPS2' is connected to logic 1 or logic 0. (LINT-32)
   Pin 'parallel_in[29]' is connected to logic 0. 
Warning: In design 'uart_tx2', a pin on submodule 'FPS2' is connected to logic 1 or logic 0. (LINT-32)
   Pin 'parallel_in[20]' is connected to logic 1. 
Warning: In design 'uart_tx2', a pin on submodule 'FPS2' is connected to logic 1 or logic 0. (LINT-32)
   Pin 'parallel_in[19]' is connected to logic 0. 
Warning: In design 'uart_tx2', a pin on submodule 'FPS2' is connected to logic 1 or logic 0. (LINT-32)
   Pin 'parallel_in[10]' is connected to logic 1. 
Warning: In design 'uart_tx2', a pin on submodule 'FPS2' is connected to logic 1 or logic 0. (LINT-32)
   Pin 'parallel_in[9]' is connected to logic 0. 
Warning: In design 'uart_tx2', a pin on submodule 'FPS2' is connected to logic 1 or logic 0. (LINT-32)
   Pin 'parallel_in[0]' is connected to logic 1. 
Warning: In design 'uart_tx2', a pin on submodule 'FC5' is connected to logic 1 or logic 0. (LINT-32)
   Pin 'rollover_val[8]' is connected to logic 1. 
Warning: In design 'uart_tx2', a pin on submodule 'FC5' is connected to logic 1 or logic 0. (LINT-32)
   Pin 'rollover_val[7]' is connected to logic 0. 
Warning: In design 'uart_tx2', a pin on submodule 'FC5' is connected to logic 1 or logic 0. (LINT-32)
   Pin 'rollover_val[6]' is connected to logic 1. 
Warning: In design 'uart_tx2', a pin on submodule 'FC5' is connected to logic 1 or logic 0. (LINT-32)
   Pin 'rollover_val[5]' is connected to logic 1. 
Warning: In design 'uart_tx2', a pin on submodule 'FC5' is connected to logic 1 or logic 0. (LINT-32)
   Pin 'rollover_val[4]' is connected to logic 0. 
Warning: In design 'uart_tx2', a pin on submodule 'FC5' is connected to logic 1 or logic 0. (LINT-32)
   Pin 'rollover_val[3]' is connected to logic 1. 
Warning: In design 'uart_tx2', a pin on submodule 'FC5' is connected to logic 1 or logic 0. (LINT-32)
   Pin 'rollover_val[2]' is connected to logic 0. 
Warning: In design 'uart_tx2', a pin on submodule 'FC5' is connected to logic 1 or logic 0. (LINT-32)
   Pin 'rollover_val[1]' is connected to logic 0. 
Warning: In design 'uart_tx2', a pin on submodule 'FC5' is connected to logic 1 or logic 0. (LINT-32)
   Pin 'rollover_val[0]' is connected to logic 0. 
Warning: In design 'uart_tx2', a pin on submodule 'FC4' is connected to logic 1 or logic 0. (LINT-32)
   Pin 'rollover_val[3]' is connected to logic 1. 
Warning: In design 'uart_tx2', a pin on submodule 'FC4' is connected to logic 1 or logic 0. (LINT-32)
   Pin 'rollover_val[2]' is connected to logic 0. 
Warning: In design 'uart_tx2', a pin on submodule 'FC4' is connected to logic 1 or logic 0. (LINT-32)
   Pin 'rollover_val[1]' is connected to logic 1. 
Warning: In design 'uart_tx2', a pin on submodule 'FC4' is connected to logic 1 or logic 0. (LINT-32)
   Pin 'rollover_val[0]' is connected to logic 0. 
Warning: In design 'uart_tx2', the same net is connected to more than one pin on submodule 'FPS2'. (LINT-33)
   Net '*Logic0*' is connected to pins 'parallel_in[359]', 'parallel_in[349]'', 'parallel_in[339]', 'parallel_in[329]', 'parallel_in[319]', 'parallel_in[309]', 'parallel_in[299]', 'parallel_in[289]', 'parallel_in[279]', 'parallel_in[269]', 'parallel_in[259]', 'parallel_in[249]', 'parallel_in[239]', 'parallel_in[229]', 'parallel_in[219]', 'parallel_in[209]', 'parallel_in[199]', 'parallel_in[189]', 'parallel_in[179]', 'parallel_in[169]', 'parallel_in[159]', 'parallel_in[149]', 'parallel_in[139]', 'parallel_in[129]', 'parallel_in[119]', 'parallel_in[109]', 'parallel_in[99]', 'parallel_in[89]', 'parallel_in[79]', 'parallel_in[69]', 'parallel_in[59]', 'parallel_in[49]', 'parallel_in[39]', 'parallel_in[29]', 'parallel_in[19]', 'parallel_in[9]'.
Warning: In design 'uart_tx2', the same net is connected to more than one pin on submodule 'FPS2'. (LINT-33)
   Net '*Logic1*' is connected to pins 'parallel_in[350]', 'parallel_in[340]'', 'parallel_in[330]', 'parallel_in[320]', 'parallel_in[310]', 'parallel_in[300]', 'parallel_in[290]', 'parallel_in[280]', 'parallel_in[270]', 'parallel_in[260]', 'parallel_in[250]', 'parallel_in[240]', 'parallel_in[230]', 'parallel_in[220]', 'parallel_in[210]', 'parallel_in[200]', 'parallel_in[190]', 'parallel_in[180]', 'parallel_in[170]', 'parallel_in[160]', 'parallel_in[150]', 'parallel_in[140]', 'parallel_in[130]', 'parallel_in[120]', 'parallel_in[110]', 'parallel_in[100]', 'parallel_in[90]', 'parallel_in[80]', 'parallel_in[70]', 'parallel_in[60]', 'parallel_in[50]', 'parallel_in[40]', 'parallel_in[30]', 'parallel_in[20]', 'parallel_in[10]', 'parallel_in[0]'.
Warning: In design 'uart_tx2', the same net is connected to more than one pin on submodule 'FC5'. (LINT-33)
   Net '*Logic1*' is connected to pins 'rollover_val[8]', 'rollover_val[6]'', 'rollover_val[5]', 'rollover_val[3]'.
Warning: In design 'uart_tx2', the same net is connected to more than one pin on submodule 'FC5'. (LINT-33)
   Net '*Logic0*' is connected to pins 'rollover_val[7]', 'rollover_val[4]'', 'rollover_val[2]', 'rollover_val[1]', 'rollover_val[0]'.
Warning: In design 'uart_tx2', the same net is connected to more than one pin on submodule 'FC4'. (LINT-33)
   Net '*Logic1*' is connected to pins 'rollover_val[3]', 'rollover_val[1]''.
Warning: In design 'uart_tx2', the same net is connected to more than one pin on submodule 'FC4'. (LINT-33)
   Net '*Logic0*' is connected to pins 'rollover_val[2]', 'rollover_val[0]''.
1
dc_shell> 
Thank you...
Done


